[ 2017-05-02T14:48:48+08:00 ] 127.0.0.1 /index.php?g=admin&m=public&a=dologin
INFO: [ app_begin ] --START--
INFO: Run Behavior\ReadHtmlCacheBehavior [ RunTime:0.001000s ]
INFO: Run Behavior\CheckLangBehavior [ RunTime:0.001000s ]
INFO: Run Common\Behavior\UrldecodeGetBehavior [ RunTime:0.001000s ]
INFO: [ app_begin ] --END-- [ RunTime:0.003000s ]

[ 2017-05-02T14:48:56+08:00 ] 127.0.0.1 /index.php?g=admin&m=public&a=dologin
INFO: [ app_begin ] --START--
INFO: Run Behavior\ReadHtmlCacheBehavior [ RunTime:0.001000s ]
INFO: Run Behavior\CheckLangBehavior [ RunTime:0.002000s ]
INFO: Run Common\Behavior\UrldecodeGetBehavior [ RunTime:0.001000s ]
INFO: [ app_begin ] --END-- [ RunTime:0.004000s ]
SQL: SHOW COLUMNS FROM `yq_users` [ RunTime:0.0160s ]
SQL: SELECT * FROM `yq_users` WHERE `user_login` = 'admin' LIMIT 1   [ RunTime:0.0010s ]

[ 2017-05-02T14:48:57+08:00 ] 127.0.0.1 /index.php?g=admin&m=public&a=dologin
INFO: [ app_begin ] --START--
INFO: Run Behavior\ReadHtmlCacheBehavior [ RunTime:0.001000s ]
INFO: Run Behavior\CheckLangBehavior [ RunTime:0.002001s ]
INFO: Run Common\Behavior\UrldecodeGetBehavior [ RunTime:0.000000s ]
INFO: [ app_begin ] --END-- [ RunTime:0.004001s ]

[ 2017-05-02T14:49:09+08:00 ] 127.0.0.1 /index.php?g=admin&m=public&a=dologin
INFO: [ app_begin ] --START--
INFO: Run Behavior\ReadHtmlCacheBehavior [ RunTime:0.000000s ]
INFO: Run Behavior\CheckLangBehavior [ RunTime:0.001000s ]
INFO: Run Common\Behavior\UrldecodeGetBehavior [ RunTime:0.001000s ]
INFO: [ app_begin ] --END-- [ RunTime:0.003000s ]
SQL: SHOW COLUMNS FROM `yq_users` [ RunTime:0.0100s ]
SQL: SELECT * FROM `yq_users` WHERE `user_login` = 'admin' LIMIT 1   [ RunTime:0.0010s ]

[ 2017-05-02T14:49:28+08:00 ] 127.0.0.1 /index.php?g=admin&m=public&a=dologin
INFO: [ app_begin ] --START--
INFO: Run Behavior\ReadHtmlCacheBehavior [ RunTime:0.001001s ]
INFO: Run Behavior\CheckLangBehavior [ RunTime:0.002000s ]
INFO: Run Common\Behavior\UrldecodeGetBehavior [ RunTime:0.001000s ]
INFO: [ app_begin ] --END-- [ RunTime:0.004001s ]
SQL: SHOW COLUMNS FROM `yq_users` [ RunTime:0.0120s ]
SQL: SELECT * FROM `yq_users` WHERE `user_login` = 'weiyong' LIMIT 1   [ RunTime:0.0000s ]
SQL: SHOW COLUMNS FROM `yq_role_user` [ RunTime:0.0250s ]
SQL: SELECT `role_id` FROM yq_role_user a INNER JOIN yq_role as b on a.role_id =b.id  WHERE `user_id` = '18' AND `status` = 1  [ RunTime:0.0080s ]
SQL: UPDATE `yq_users` SET `parent_id`='0',`user_login`='weiyong',`user_pass`='###79e4d8f65bc575ec0a4b55ae8a229a38',`user_nicename`='',`user_email`='weiyong@qq.com',`user_url`='',`avatar`=NULL,`sex`='0',`birthday`='2000-01-01',`signature`=NULL,`last_login_ip`='127.0.0.1',`last_login_time`='2017-05-02 14:49:28',`create_time`='2017-04-05 17:55:07',`user_activation_key`='',`user_status`='1',`score`='0',`user_type`='1',`coin`='0' WHERE `id` = '18' [ RunTime:0.0000s ]

