[ 2016-09-20T10:21:54+08:00 ] 127.0.0.1 /index.php?g=&m=Brand&a=industry
INFO: [ app_begin ] --START--
INFO: Run Behavior\ReadHtmlCacheBehavior [ RunTime:0.001000s ]
INFO: Run Behavior\CheckLangBehavior [ RunTime:0.001001s ]
INFO: [ app_begin ] --END-- [ RunTime:0.002001s ]
SQL: SHOW COLUMNS FROM `zs_industry` [ RunTime:0.0100s ]
SQL: SELECT `id`,`industry_name`,`pid` FROM `zs_industry` WHERE ( pid=40 ) ORDER BY id  [ RunTime:0.0070s ]
INFO: [ app_end ] --START--
INFO: Run Behavior\ShowPageTraceBehavior [ RunTime:0.000000s ]
INFO: [ app_end ] --END-- [ RunTime:0.000000s ]

[ 2016-09-20T10:21:57+08:00 ] 127.0.0.1 /index.php?g=&m=Brand&a=indu
INFO: [ app_begin ] --START--
INFO: Run Behavior\ReadHtmlCacheBehavior [ RunTime:0.001000s ]
INFO: Run Behavior\CheckLangBehavior [ RunTime:0.001000s ]
INFO: [ app_begin ] --END-- [ RunTime:0.003000s ]
SQL: SHOW COLUMNS FROM `zs_industry` [ RunTime:0.0100s ]
SQL: SELECT `querytype` FROM `zs_industry` WHERE ( id=41 ) LIMIT 1   [ RunTime:0.0080s ]
SQL: SHOW COLUMNS FROM `zs_nice_first` [ RunTime:0.0100s ]
ERR: 1064:You have an error in your SQL syntax; check the manual that corresponds to your MySQL server version for the right syntax to use near ') )' at line 1
 [ SQL语句 ] : SELECT `id`,`name`,`code`,`pid` FROM `zs_nice_first` WHERE ( id in() ) 
ERR: 1064:You have an error in your SQL syntax; check the manual that corresponds to your MySQL server version for the right syntax to use near ') )' at line 1
 [ SQL语句 ] : SELECT `id`,`name`,`code`,`pid` FROM `zs_nice_first` WHERE ( id in() ) 

[ 2016-09-20T10:22:17+08:00 ] 127.0.0.1 /index.php?g=&m=Brand&a=industry
INFO: [ app_begin ] --START--
INFO: Run Behavior\ReadHtmlCacheBehavior [ RunTime:0.001000s ]
INFO: Run Behavior\CheckLangBehavior [ RunTime:0.001000s ]
INFO: [ app_begin ] --END-- [ RunTime:0.002000s ]
SQL: SHOW COLUMNS FROM `zs_industry` [ RunTime:0.0100s ]
SQL: SELECT `id`,`industry_name`,`pid` FROM `zs_industry` WHERE ( pid=70 ) ORDER BY id  [ RunTime:0.0090s ]
INFO: [ app_end ] --START--
INFO: Run Behavior\ShowPageTraceBehavior [ RunTime:0.001000s ]
INFO: [ app_end ] --END-- [ RunTime:0.001000s ]

[ 2016-09-20T10:22:20+08:00 ] 127.0.0.1 /index.php?g=&m=Brand&a=indu
INFO: [ app_begin ] --START--
INFO: Run Behavior\ReadHtmlCacheBehavior [ RunTime:0.001000s ]
INFO: Run Behavior\CheckLangBehavior [ RunTime:0.001000s ]
INFO: [ app_begin ] --END-- [ RunTime:0.002000s ]
SQL: SHOW COLUMNS FROM `zs_industry` [ RunTime:0.0090s ]
SQL: SELECT `querytype` FROM `zs_industry` WHERE ( id=71 ) LIMIT 1   [ RunTime:0.0080s ]
SQL: SHOW COLUMNS FROM `zs_nice_first` [ RunTime:0.0090s ]
ERR: 1064:You have an error in your SQL syntax; check the manual that corresponds to your MySQL server version for the right syntax to use near ') )' at line 1
 [ SQL语句 ] : SELECT `id`,`name`,`code`,`pid` FROM `zs_nice_first` WHERE ( id in() ) 
ERR: 1064:You have an error in your SQL syntax; check the manual that corresponds to your MySQL server version for the right syntax to use near ') )' at line 1
 [ SQL语句 ] : SELECT `id`,`name`,`code`,`pid` FROM `zs_nice_first` WHERE ( id in() ) 

[ 2016-09-20T10:22:23+08:00 ] 127.0.0.1 /index.php?g=&m=Brand&a=industry
INFO: [ app_begin ] --START--
INFO: Run Behavior\ReadHtmlCacheBehavior [ RunTime:0.000000s ]
INFO: Run Behavior\CheckLangBehavior [ RunTime:0.000000s ]
INFO: [ app_begin ] --END-- [ RunTime:0.003000s ]
SQL: SHOW COLUMNS FROM `zs_industry` [ RunTime:0.0100s ]
SQL: SELECT `id`,`industry_name`,`pid` FROM `zs_industry` WHERE ( pid=40 ) ORDER BY id  [ RunTime:0.0090s ]
INFO: [ app_end ] --START--
INFO: Run Behavior\ShowPageTraceBehavior [ RunTime:0.001000s ]
INFO: [ app_end ] --END-- [ RunTime:0.001000s ]

[ 2016-09-20T10:22:27+08:00 ] 127.0.0.1 /index.php?g=&m=Brand&a=indu
INFO: [ app_begin ] --START--
INFO: Run Behavior\ReadHtmlCacheBehavior [ RunTime:0.001000s ]
INFO: Run Behavior\CheckLangBehavior [ RunTime:0.001000s ]
INFO: [ app_begin ] --END-- [ RunTime:0.003000s ]
SQL: SHOW COLUMNS FROM `zs_industry` [ RunTime:0.0100s ]
SQL: SELECT `querytype` FROM `zs_industry` WHERE ( id=41 ) LIMIT 1   [ RunTime:0.0080s ]
SQL: SHOW COLUMNS FROM `zs_nice_first` [ RunTime:0.0100s ]
ERR: 1064:You have an error in your SQL syntax; check the manual that corresponds to your MySQL server version for the right syntax to use near ') )' at line 1
 [ SQL语句 ] : SELECT `id`,`name`,`code`,`pid` FROM `zs_nice_first` WHERE ( id in() ) 
ERR: 1064:You have an error in your SQL syntax; check the manual that corresponds to your MySQL server version for the right syntax to use near ') )' at line 1
 [ SQL语句 ] : SELECT `id`,`name`,`code`,`pid` FROM `zs_nice_first` WHERE ( id in() ) 

[ 2016-09-20T10:22:30+08:00 ] 127.0.0.1 /index.php?g=&m=Brand&a=indu
INFO: [ app_begin ] --START--
INFO: Run Behavior\ReadHtmlCacheBehavior [ RunTime:0.001000s ]
INFO: Run Behavior\CheckLangBehavior [ RunTime:0.000000s ]
INFO: [ app_begin ] --END-- [ RunTime:0.002000s ]
SQL: SHOW COLUMNS FROM `zs_industry` [ RunTime:0.0100s ]
SQL: SELECT `querytype` FROM `zs_industry` WHERE ( id=41 ) LIMIT 1   [ RunTime:0.0080s ]
SQL: SHOW COLUMNS FROM `zs_nice_first` [ RunTime:0.0100s ]
ERR: 1064:You have an error in your SQL syntax; check the manual that corresponds to your MySQL server version for the right syntax to use near ') )' at line 1
 [ SQL语句 ] : SELECT `id`,`name`,`code`,`pid` FROM `zs_nice_first` WHERE ( id in() ) 
ERR: 1064:You have an error in your SQL syntax; check the manual that corresponds to your MySQL server version for the right syntax to use near ') )' at line 1
 [ SQL语句 ] : SELECT `id`,`name`,`code`,`pid` FROM `zs_nice_first` WHERE ( id in() ) 

[ 2016-09-20T10:25:20+08:00 ] 127.0.0.1 /index.php?g=&m=Brand&a=industry
INFO: [ app_begin ] --START--
INFO: Run Behavior\ReadHtmlCacheBehavior [ RunTime:0.001000s ]
INFO: Run Behavior\CheckLangBehavior [ RunTime:0.001000s ]
INFO: [ app_begin ] --END-- [ RunTime:0.002000s ]
SQL: SHOW COLUMNS FROM `zs_industry` [ RunTime:0.0490s ]
SQL: SELECT `id`,`industry_name`,`pid` FROM `zs_industry` WHERE ( pid=60 ) ORDER BY id  [ RunTime:0.0320s ]
INFO: [ app_end ] --START--
INFO: Run Behavior\ShowPageTraceBehavior [ RunTime:0.000000s ]
INFO: [ app_end ] --END-- [ RunTime:0.000000s ]

[ 2016-09-20T10:26:08+08:00 ] 127.0.0.1 /index.php?g=&m=Brand&a=industry
INFO: [ app_begin ] --START--
INFO: Run Behavior\ReadHtmlCacheBehavior [ RunTime:0.001000s ]
INFO: Run Behavior\CheckLangBehavior [ RunTime:0.001000s ]
INFO: [ app_begin ] --END-- [ RunTime:0.003000s ]
SQL: SHOW COLUMNS FROM `zs_industry` [ RunTime:0.0090s ]
SQL: SELECT `id`,`industry_name`,`pid` FROM `zs_industry` WHERE ( pid=70 ) ORDER BY id  [ RunTime:0.0070s ]
INFO: [ app_end ] --START--
INFO: Run Behavior\ShowPageTraceBehavior [ RunTime:0.001000s ]
INFO: [ app_end ] --END-- [ RunTime:0.001000s ]

[ 2016-09-20T10:26:12+08:00 ] 127.0.0.1 /index.php?g=&m=Brand&a=industry
INFO: [ app_begin ] --START--
INFO: Run Behavior\ReadHtmlCacheBehavior [ RunTime:0.001000s ]
INFO: Run Behavior\CheckLangBehavior [ RunTime:0.000000s ]
INFO: [ app_begin ] --END-- [ RunTime:0.002000s ]
SQL: SHOW COLUMNS FROM `zs_industry` [ RunTime:0.0100s ]
SQL: SELECT `id`,`industry_name`,`pid` FROM `zs_industry` WHERE ( pid=40 ) ORDER BY id  [ RunTime:0.0110s ]
INFO: [ app_end ] --START--
INFO: Run Behavior\ShowPageTraceBehavior [ RunTime:0.001000s ]
INFO: [ app_end ] --END-- [ RunTime:0.001000s ]

[ 2016-09-20T10:26:20+08:00 ] 127.0.0.1 /index.php?g=&m=Brand&a=indu
INFO: [ app_begin ] --START--
INFO: Run Behavior\ReadHtmlCacheBehavior [ RunTime:0.000000s ]
INFO: Run Behavior\CheckLangBehavior [ RunTime:0.001000s ]
INFO: [ app_begin ] --END-- [ RunTime:0.002000s ]
SQL: SHOW COLUMNS FROM `zs_industry` [ RunTime:0.0120s ]
SQL: SELECT `querytype` FROM `zs_industry` WHERE ( id=43 ) LIMIT 1   [ RunTime:0.0090s ]
SQL: SHOW COLUMNS FROM `zs_nice_first` [ RunTime:0.0100s ]
ERR: 1064:You have an error in your SQL syntax; check the manual that corresponds to your MySQL server version for the right syntax to use near ') )' at line 1
 [ SQL语句 ] : SELECT `id`,`name`,`code`,`pid` FROM `zs_nice_first` WHERE ( id in() ) 
ERR: 1064:You have an error in your SQL syntax; check the manual that corresponds to your MySQL server version for the right syntax to use near ') )' at line 1
 [ SQL语句 ] : SELECT `id`,`name`,`code`,`pid` FROM `zs_nice_first` WHERE ( id in() ) 

[ 2016-09-20T10:28:12+08:00 ] 127.0.0.1 /index.php?g=&m=Brand&a=indu
INFO: [ app_begin ] --START--
INFO: Run Behavior\ReadHtmlCacheBehavior [ RunTime:0.000000s ]
INFO: Run Behavior\CheckLangBehavior [ RunTime:0.001000s ]
INFO: [ app_begin ] --END-- [ RunTime:0.002000s ]
SQL: SHOW COLUMNS FROM `zs_industry` [ RunTime:0.0100s ]
SQL: SELECT `querytype` FROM `zs_industry` WHERE ( id=43 ) LIMIT 1   [ RunTime:0.0090s ]
SQL: SHOW COLUMNS FROM `zs_nice_first` [ RunTime:0.0090s ]
ERR: 1064:You have an error in your SQL syntax; check the manual that corresponds to your MySQL server version for the right syntax to use near ') )' at line 1
 [ SQL语句 ] : SELECT `id`,`name`,`code`,`pid` FROM `zs_nice_first` WHERE ( id in() ) 
ERR: 1064:You have an error in your SQL syntax; check the manual that corresponds to your MySQL server version for the right syntax to use near ') )' at line 1
 [ SQL语句 ] : SELECT `id`,`name`,`code`,`pid` FROM `zs_nice_first` WHERE ( id in() ) 

[ 2016-09-20T10:28:16+08:00 ] 127.0.0.1 /index.php?g=&m=Brand&a=industry
INFO: [ app_begin ] --START--
INFO: Run Behavior\ReadHtmlCacheBehavior [ RunTime:0.001000s ]
INFO: Run Behavior\CheckLangBehavior [ RunTime:0.002000s ]
INFO: [ app_begin ] --END-- [ RunTime:0.003000s ]
SQL: SHOW COLUMNS FROM `zs_industry` [ RunTime:0.0090s ]
SQL: SELECT `id`,`industry_name`,`pid` FROM `zs_industry` WHERE ( pid=55 ) ORDER BY id  [ RunTime:0.0080s ]
INFO: [ app_end ] --START--
INFO: Run Behavior\ShowPageTraceBehavior [ RunTime:0.000000s ]
INFO: [ app_end ] --END-- [ RunTime:0.001000s ]

[ 2016-09-20T10:28:19+08:00 ] 127.0.0.1 /index.php?g=&m=Brand&a=indu
INFO: [ app_begin ] --START--
INFO: Run Behavior\ReadHtmlCacheBehavior [ RunTime:0.001000s ]
INFO: Run Behavior\CheckLangBehavior [ RunTime:0.001000s ]
INFO: [ app_begin ] --END-- [ RunTime:0.002000s ]
SQL: SHOW COLUMNS FROM `zs_industry` [ RunTime:0.0090s ]
SQL: SELECT `querytype` FROM `zs_industry` WHERE ( id=57 ) LIMIT 1   [ RunTime:0.0070s ]
SQL: SHOW COLUMNS FROM `zs_nice_first` [ RunTime:0.0090s ]
SQL: SELECT `id`,`name`,`code`,`pid` FROM `zs_nice_first` WHERE ( id in(113,114,116,115,115,120) )  [ RunTime:0.0090s ]
SQL: SELECT `id`,`name`,`code`,`pid` FROM `zs_nice_first` WHERE ( code in(0101) )  [ RunTime:0.0080s ]
SQL: SELECT `id`,`name`,`code`,`pid` FROM `zs_nice_first` WHERE ( code in(01) )  [ RunTime:0.0080s ]
INFO: [ view_parse ] --START--
INFO: [ template_filter ] --START--
INFO: Run Behavior\ContentReplaceBehavior [ RunTime:0.000000s ]
INFO: [ template_filter ] --END-- [ RunTime:0.000000s ]
INFO: Run Behavior\ParseTemplateBehavior [ RunTime:0.022001s ]
INFO: [ view_parse ] --END-- [ RunTime:0.022001s ]
INFO: [ view_filter ] --START--
INFO: Run Behavior\WriteHtmlCacheBehavior [ RunTime:0.000000s ]
INFO: Run Common\Behavior\TmplStripSpaceBehavior [ RunTime:0.000000s ]
INFO: [ view_filter ] --END-- [ RunTime:0.000000s ]
INFO: [ app_end ] --START--
INFO: Run Behavior\ShowPageTraceBehavior [ RunTime:0.001000s ]
INFO: [ app_end ] --END-- [ RunTime:0.001000s ]

[ 2016-09-20T10:29:25+08:00 ] 127.0.0.1 /index.php?g=&m=Brand&a=indu
INFO: [ app_begin ] --START--
INFO: Run Behavior\ReadHtmlCacheBehavior [ RunTime:0.001000s ]
INFO: Run Behavior\CheckLangBehavior [ RunTime:0.001000s ]
INFO: [ app_begin ] --END-- [ RunTime:0.002000s ]
SQL: SHOW COLUMNS FROM `zs_industry` [ RunTime:0.0110s ]
SQL: SELECT `querytype` FROM `zs_industry` WHERE ( id=57 ) LIMIT 1   [ RunTime:0.0080s ]
SQL: SHOW COLUMNS FROM `zs_nice_first` [ RunTime:0.0100s ]
SQL: SELECT `id`,`name`,`code`,`pid` FROM `zs_nice_first` WHERE ( id in(113,114,116,115,115,120) )  [ RunTime:0.0100s ]
SQL: SELECT `id`,`name`,`code`,`pid` FROM `zs_nice_first` WHERE ( code in(0101) )  [ RunTime:0.0100s ]
SQL: SELECT `id`,`name`,`code`,`pid` FROM `zs_nice_first` WHERE ( code in(01) )  [ RunTime:0.0090s ]
INFO: [ view_parse ] --START--
INFO: [ template_filter ] --START--
INFO: Run Behavior\ContentReplaceBehavior [ RunTime:0.000000s ]
INFO: [ template_filter ] --END-- [ RunTime:0.000000s ]
INFO: Run Behavior\ParseTemplateBehavior [ RunTime:0.008000s ]
INFO: [ view_parse ] --END-- [ RunTime:0.008000s ]
INFO: [ view_filter ] --START--
INFO: Run Behavior\WriteHtmlCacheBehavior [ RunTime:0.000000s ]
INFO: Run Common\Behavior\TmplStripSpaceBehavior [ RunTime:0.001001s ]
INFO: [ view_filter ] --END-- [ RunTime:0.001001s ]
INFO: [ app_end ] --START--
INFO: Run Behavior\ShowPageTraceBehavior [ RunTime:0.000000s ]
INFO: [ app_end ] --END-- [ RunTime:0.000000s ]

[ 2016-09-20T10:36:09+08:00 ] 127.0.0.1 /index.php?g=&m=Brand&a=industry
INFO: [ app_begin ] --START--
INFO: Run Behavior\ReadHtmlCacheBehavior [ RunTime:0.000000s ]
INFO: Run Behavior\CheckLangBehavior [ RunTime:0.001000s ]
INFO: [ app_begin ] --END-- [ RunTime:0.002000s ]
SQL: SHOW COLUMNS FROM `zs_industry` [ RunTime:0.0110s ]
SQL: SELECT `id`,`industry_name`,`pid` FROM `zs_industry` WHERE ( pid=66 ) ORDER BY id  [ RunTime:0.0090s ]
INFO: [ app_end ] --START--
INFO: Run Behavior\ShowPageTraceBehavior [ RunTime:0.001001s ]
INFO: [ app_end ] --END-- [ RunTime:0.001001s ]

[ 2016-09-20T10:39:06+08:00 ] 127.0.0.1 /index.php?g=&m=Brand&a=industry
INFO: [ app_begin ] --START--
INFO: Run Behavior\ReadHtmlCacheBehavior [ RunTime:0.001000s ]
INFO: Run Behavior\CheckLangBehavior [ RunTime:0.001000s ]
INFO: [ app_begin ] --END-- [ RunTime:0.002000s ]
SQL: SHOW COLUMNS FROM `zs_industry` [ RunTime:0.0280s ]
SQL: SELECT `id`,`industry_name`,`pid` FROM `zs_industry` WHERE ( pid=70 ) ORDER BY id  [ RunTime:0.0260s ]
INFO: [ app_end ] --START--
INFO: Run Behavior\ShowPageTraceBehavior [ RunTime:0.001000s ]
INFO: [ app_end ] --END-- [ RunTime:0.001000s ]

[ 2016-09-20T10:39:11+08:00 ] 127.0.0.1 /index.php?g=&m=Brand&a=indu
INFO: [ app_begin ] --START--
INFO: Run Behavior\ReadHtmlCacheBehavior [ RunTime:0.000000s ]
INFO: Run Behavior\CheckLangBehavior [ RunTime:0.001000s ]
INFO: [ app_begin ] --END-- [ RunTime:0.002000s ]
SQL: SHOW COLUMNS FROM `zs_industry` [ RunTime:0.0520s ]
SQL: SELECT `querytype` FROM `zs_industry` WHERE ( id=71 ) LIMIT 1   [ RunTime:0.0510s ]
SQL: SHOW COLUMNS FROM `zs_nice_first` [ RunTime:0.0520s ]
ERR: 1064:You have an error in your SQL syntax; check the manual that corresponds to your MySQL server version for the right syntax to use near ') )' at line 1
 [ SQL语句 ] : SELECT `id`,`name`,`code`,`pid` FROM `zs_nice_first` WHERE ( id in() ) 
ERR: 1064:You have an error in your SQL syntax; check the manual that corresponds to your MySQL server version for the right syntax to use near ') )' at line 1
 [ SQL语句 ] : SELECT `id`,`name`,`code`,`pid` FROM `zs_nice_first` WHERE ( id in() ) 

[ 2016-09-20T10:39:14+08:00 ] 127.0.0.1 /index.php?g=&m=Brand&a=industry
INFO: [ app_begin ] --START--
INFO: Run Behavior\ReadHtmlCacheBehavior [ RunTime:0.001000s ]
INFO: Run Behavior\CheckLangBehavior [ RunTime:0.001000s ]
INFO: [ app_begin ] --END-- [ RunTime:0.002000s ]
SQL: SHOW COLUMNS FROM `zs_industry` [ RunTime:0.0360s ]
SQL: SELECT `id`,`industry_name`,`pid` FROM `zs_industry` WHERE ( pid=55 ) ORDER BY id  [ RunTime:0.0270s ]
INFO: [ app_end ] --START--
INFO: Run Behavior\ShowPageTraceBehavior [ RunTime:0.000000s ]
INFO: [ app_end ] --END-- [ RunTime:0.000000s ]

[ 2016-09-20T10:39:16+08:00 ] 127.0.0.1 /index.php?g=&m=Brand&a=indu
INFO: [ app_begin ] --START--
INFO: Run Behavior\ReadHtmlCacheBehavior [ RunTime:0.000000s ]
INFO: Run Behavior\CheckLangBehavior [ RunTime:0.001000s ]
INFO: [ app_begin ] --END-- [ RunTime:0.002000s ]
SQL: SHOW COLUMNS FROM `zs_industry` [ RunTime:0.0370s ]
SQL: SELECT `querytype` FROM `zs_industry` WHERE ( id=57 ) LIMIT 1   [ RunTime:0.0350s ]
SQL: SHOW COLUMNS FROM `zs_nice_first` [ RunTime:0.0400s ]
SQL: SELECT `id`,`name`,`code`,`pid` FROM `zs_nice_first` WHERE ( id in(113,114,116,115,115,120) )  [ RunTime:0.0390s ]
SQL: SELECT `id`,`name`,`code`,`pid` FROM `zs_nice_first` WHERE ( code in(0101) )  [ RunTime:0.0390s ]
SQL: SELECT `id`,`name`,`code`,`pid` FROM `zs_nice_first` WHERE ( code in(01) )  [ RunTime:0.0370s ]
INFO: [ view_parse ] --START--
INFO: [ template_filter ] --START--
INFO: Run Behavior\ContentReplaceBehavior [ RunTime:0.000000s ]
INFO: [ template_filter ] --END-- [ RunTime:0.000000s ]
INFO: Run Behavior\ParseTemplateBehavior [ RunTime:0.014001s ]
INFO: [ view_parse ] --END-- [ RunTime:0.014001s ]
INFO: [ view_filter ] --START--
INFO: Run Behavior\WriteHtmlCacheBehavior [ RunTime:0.000000s ]
INFO: Run Common\Behavior\TmplStripSpaceBehavior [ RunTime:0.001000s ]
INFO: [ view_filter ] --END-- [ RunTime:0.001000s ]
INFO: [ app_end ] --START--
INFO: Run Behavior\ShowPageTraceBehavior [ RunTime:0.001000s ]
INFO: [ app_end ] --END-- [ RunTime:0.001000s ]

[ 2016-09-20T10:40:26+08:00 ] 127.0.0.1 /index.php?g=&m=Brand&a=industry
INFO: [ app_begin ] --START--
INFO: Run Behavior\ReadHtmlCacheBehavior [ RunTime:0.000000s ]
INFO: Run Behavior\CheckLangBehavior [ RunTime:0.001000s ]
INFO: [ app_begin ] --END-- [ RunTime:0.002000s ]
SQL: SHOW COLUMNS FROM `zs_industry` [ RunTime:0.0150s ]
SQL: SELECT `id`,`industry_name`,`pid` FROM `zs_industry` WHERE ( pid=66 ) ORDER BY id  [ RunTime:0.0150s ]
INFO: [ app_end ] --START--
INFO: Run Behavior\ShowPageTraceBehavior [ RunTime:0.001000s ]
INFO: [ app_end ] --END-- [ RunTime:0.001000s ]

[ 2016-09-20T10:40:31+08:00 ] 127.0.0.1 /index.php?g=&m=Brand&a=indu
INFO: [ app_begin ] --START--
INFO: Run Behavior\ReadHtmlCacheBehavior [ RunTime:0.000000s ]
INFO: Run Behavior\CheckLangBehavior [ RunTime:0.001001s ]
INFO: [ app_begin ] --END-- [ RunTime:0.002001s ]
SQL: SHOW COLUMNS FROM `zs_industry` [ RunTime:0.0100s ]
SQL: SELECT `querytype` FROM `zs_industry` WHERE ( id=68 ) LIMIT 1   [ RunTime:0.0090s ]
SQL: SHOW COLUMNS FROM `zs_nice_first` [ RunTime:0.0100s ]
SQL: SELECT `id`,`name`,`code`,`pid` FROM `zs_nice_first` WHERE ( id in(176,177,178,179) )  [ RunTime:0.0080s ]
SQL: SELECT `id`,`name`,`code`,`pid` FROM `zs_nice_first` WHERE ( code in(0102) )  [ RunTime:0.0080s ]
SQL: SELECT `id`,`name`,`code`,`pid` FROM `zs_nice_first` WHERE ( code in(01) )  [ RunTime:0.0090s ]
INFO: [ view_parse ] --START--
INFO: [ template_filter ] --START--
INFO: Run Behavior\ContentReplaceBehavior [ RunTime:0.000000s ]
INFO: [ template_filter ] --END-- [ RunTime:0.000000s ]
INFO: Run Behavior\ParseTemplateBehavior [ RunTime:0.008001s ]
INFO: [ view_parse ] --END-- [ RunTime:0.008001s ]
INFO: [ view_filter ] --START--
INFO: Run Behavior\WriteHtmlCacheBehavior [ RunTime:0.001000s ]
INFO: Run Common\Behavior\TmplStripSpaceBehavior [ RunTime:0.000000s ]
INFO: [ view_filter ] --END-- [ RunTime:0.001000s ]
INFO: [ app_end ] --START--
INFO: Run Behavior\ShowPageTraceBehavior [ RunTime:0.001000s ]
INFO: [ app_end ] --END-- [ RunTime:0.001000s ]

[ 2016-09-20T10:40:34+08:00 ] 127.0.0.1 /index.php?g=&m=Brand&a=indu
INFO: [ app_begin ] --START--
INFO: Run Behavior\ReadHtmlCacheBehavior [ RunTime:0.000000s ]
INFO: Run Behavior\CheckLangBehavior [ RunTime:0.001000s ]
INFO: [ app_begin ] --END-- [ RunTime:0.002000s ]
SQL: SHOW COLUMNS FROM `zs_industry` [ RunTime:0.0090s ]
SQL: SELECT `querytype` FROM `zs_industry` WHERE ( id=69 ) LIMIT 1   [ RunTime:0.0080s ]
SQL: SHOW COLUMNS FROM `zs_nice_first` [ RunTime:0.0080s ]
SQL: SELECT `id`,`name`,`code`,`pid` FROM `zs_nice_first` WHERE ( id in(176,177,178,180) )  [ RunTime:0.0080s ]
SQL: SELECT `id`,`name`,`code`,`pid` FROM `zs_nice_first` WHERE ( code in(0102) )  [ RunTime:0.0080s ]
SQL: SELECT `id`,`name`,`code`,`pid` FROM `zs_nice_first` WHERE ( code in(01) )  [ RunTime:0.0080s ]
INFO: [ view_parse ] --START--
INFO: [ template_filter ] --START--
INFO: Run Behavior\ContentReplaceBehavior [ RunTime:0.000000s ]
INFO: [ template_filter ] --END-- [ RunTime:0.000000s ]
INFO: Run Behavior\ParseTemplateBehavior [ RunTime:0.008001s ]
INFO: [ view_parse ] --END-- [ RunTime:0.008001s ]
INFO: [ view_filter ] --START--
INFO: Run Behavior\WriteHtmlCacheBehavior [ RunTime:0.001000s ]
INFO: Run Common\Behavior\TmplStripSpaceBehavior [ RunTime:0.000000s ]
INFO: [ view_filter ] --END-- [ RunTime:0.001000s ]
INFO: [ app_end ] --START--
INFO: Run Behavior\ShowPageTraceBehavior [ RunTime:0.000000s ]
INFO: [ app_end ] --END-- [ RunTime:0.000000s ]

[ 2016-09-20T10:42:06+08:00 ] 127.0.0.1 /index.php?g=&m=Brand&a=industry
INFO: [ app_begin ] --START--
INFO: Run Behavior\ReadHtmlCacheBehavior [ RunTime:0.001000s ]
INFO: Run Behavior\CheckLangBehavior [ RunTime:0.001000s ]
INFO: [ app_begin ] --END-- [ RunTime:0.003000s ]
SQL: SHOW COLUMNS FROM `zs_industry` [ RunTime:0.0300s ]
SQL: SELECT `id`,`industry_name`,`pid` FROM `zs_industry` WHERE ( pid=40 ) ORDER BY id  [ RunTime:0.0280s ]
INFO: [ app_end ] --START--
INFO: Run Behavior\ShowPageTraceBehavior [ RunTime:0.001000s ]
INFO: [ app_end ] --END-- [ RunTime:0.001000s ]

[ 2016-09-20T10:42:34+08:00 ] 127.0.0.1 /index.php?g=&m=Brand&a=industry
INFO: [ app_begin ] --START--
INFO: Run Behavior\ReadHtmlCacheBehavior [ RunTime:0.001000s ]
INFO: Run Behavior\CheckLangBehavior [ RunTime:0.000000s ]
INFO: [ app_begin ] --END-- [ RunTime:0.002000s ]
SQL: SHOW COLUMNS FROM `zs_industry` [ RunTime:0.0240s ]
SQL: SELECT `id`,`industry_name`,`pid` FROM `zs_industry` WHERE ( pid=66 ) ORDER BY id  [ RunTime:0.0240s ]
INFO: [ app_end ] --START--
INFO: Run Behavior\ShowPageTraceBehavior [ RunTime:0.000000s ]
INFO: [ app_end ] --END-- [ RunTime:0.000000s ]

[ 2016-09-20T10:42:37+08:00 ] 127.0.0.1 /index.php?g=&m=Brand&a=indu
INFO: [ app_begin ] --START--
INFO: Run Behavior\ReadHtmlCacheBehavior [ RunTime:0.001000s ]
INFO: Run Behavior\CheckLangBehavior [ RunTime:0.000000s ]
INFO: [ app_begin ] --END-- [ RunTime:0.001000s ]
SQL: SHOW COLUMNS FROM `zs_industry` [ RunTime:0.0180s ]
SQL: SELECT `querytype` FROM `zs_industry` WHERE ( id=68 ) LIMIT 1   [ RunTime:0.0180s ]
SQL: SHOW COLUMNS FROM `zs_nice_first` [ RunTime:0.0240s ]
SQL: SELECT `id`,`name`,`code`,`pid` FROM `zs_nice_first` WHERE ( id in(176,177,178,179) )  [ RunTime:0.0260s ]
SQL: SELECT `id`,`name`,`code`,`pid` FROM `zs_nice_first` WHERE ( code in(0102) )  [ RunTime:0.0220s ]
SQL: SELECT `id`,`name`,`code`,`pid` FROM `zs_nice_first` WHERE ( code in(01) )  [ RunTime:0.0240s ]
INFO: [ view_parse ] --START--
INFO: [ template_filter ] --START--
INFO: Run Behavior\ContentReplaceBehavior [ RunTime:0.000000s ]
INFO: [ template_filter ] --END-- [ RunTime:0.000000s ]
INFO: Run Behavior\ParseTemplateBehavior [ RunTime:0.007000s ]
INFO: [ view_parse ] --END-- [ RunTime:0.007000s ]
INFO: [ view_filter ] --START--
INFO: Run Behavior\WriteHtmlCacheBehavior [ RunTime:0.000000s ]
INFO: Run Common\Behavior\TmplStripSpaceBehavior [ RunTime:0.000000s ]
INFO: [ view_filter ] --END-- [ RunTime:0.000000s ]
INFO: [ app_end ] --START--
INFO: Run Behavior\ShowPageTraceBehavior [ RunTime:0.000000s ]
INFO: [ app_end ] --END-- [ RunTime:0.001000s ]

[ 2016-09-20T10:43:31+08:00 ] 127.0.0.1 /index.php?g=&m=Brand&a=industry
INFO: [ app_begin ] --START--
INFO: Run Behavior\ReadHtmlCacheBehavior [ RunTime:0.001000s ]
INFO: Run Behavior\CheckLangBehavior [ RunTime:0.000000s ]
INFO: [ app_begin ] --END-- [ RunTime:0.001000s ]
SQL: SHOW COLUMNS FROM `zs_industry` [ RunTime:0.0110s ]
SQL: SELECT `id`,`industry_name`,`pid` FROM `zs_industry` WHERE ( pid=55 ) ORDER BY id  [ RunTime:0.0090s ]
INFO: [ app_end ] --START--
INFO: Run Behavior\ShowPageTraceBehavior [ RunTime:0.001000s ]
INFO: [ app_end ] --END-- [ RunTime:0.001000s ]

[ 2016-09-20T10:43:39+08:00 ] 127.0.0.1 /index.php?g=&m=Brand&a=industry
INFO: [ app_begin ] --START--
INFO: Run Behavior\ReadHtmlCacheBehavior [ RunTime:0.000000s ]
INFO: Run Behavior\CheckLangBehavior [ RunTime:0.001000s ]
INFO: [ app_begin ] --END-- [ RunTime:0.002000s ]
SQL: SHOW COLUMNS FROM `zs_industry` [ RunTime:0.0110s ]
SQL: SELECT `id`,`industry_name`,`pid` FROM `zs_industry` WHERE ( pid=63 ) ORDER BY id  [ RunTime:0.0080s ]
INFO: [ app_end ] --START--
INFO: Run Behavior\ShowPageTraceBehavior [ RunTime:0.001000s ]
INFO: [ app_end ] --END-- [ RunTime:0.001000s ]

[ 2016-09-20T10:44:47+08:00 ] 127.0.0.1 /index.php?g=&m=Brand&a=industry
INFO: [ app_begin ] --START--
INFO: Run Behavior\ReadHtmlCacheBehavior [ RunTime:0.000000s ]
INFO: Run Behavior\CheckLangBehavior [ RunTime:0.001000s ]
INFO: [ app_begin ] --END-- [ RunTime:0.003000s ]
SQL: SHOW COLUMNS FROM `zs_industry` [ RunTime:0.0120s ]
SQL: SELECT `id`,`industry_name`,`pid` FROM `zs_industry` WHERE ( pid=66 ) ORDER BY id  [ RunTime:0.0110s ]
INFO: [ app_end ] --START--
INFO: Run Behavior\ShowPageTraceBehavior [ RunTime:0.001000s ]
INFO: [ app_end ] --END-- [ RunTime:0.001000s ]

[ 2016-09-20T10:44:50+08:00 ] 127.0.0.1 /index.php?g=&m=Brand&a=indu
INFO: [ app_begin ] --START--
INFO: Run Behavior\ReadHtmlCacheBehavior [ RunTime:0.001000s ]
INFO: Run Behavior\CheckLangBehavior [ RunTime:0.001000s ]
INFO: [ app_begin ] --END-- [ RunTime:0.002000s ]
SQL: SHOW COLUMNS FROM `zs_industry` [ RunTime:0.0120s ]
SQL: SELECT `querytype` FROM `zs_industry` WHERE ( id=68 ) LIMIT 1   [ RunTime:0.0090s ]
SQL: SHOW COLUMNS FROM `zs_nice_first` [ RunTime:0.0110s ]
SQL: SELECT `id`,`name`,`code`,`pid` FROM `zs_nice_first` WHERE ( id in(176,177,178,179) )  [ RunTime:0.0100s ]
SQL: SELECT `id`,`name`,`code`,`pid` FROM `zs_nice_first` WHERE ( code in(0102) )  [ RunTime:0.0090s ]
SQL: SELECT `id`,`name`,`code`,`pid` FROM `zs_nice_first` WHERE ( code in(01) )  [ RunTime:0.0100s ]
INFO: [ view_parse ] --START--
INFO: [ template_filter ] --START--
INFO: Run Behavior\ContentReplaceBehavior [ RunTime:0.000000s ]
INFO: [ template_filter ] --END-- [ RunTime:0.000000s ]
INFO: Run Behavior\ParseTemplateBehavior [ RunTime:0.008000s ]
INFO: [ view_parse ] --END-- [ RunTime:0.008000s ]
INFO: [ view_filter ] --START--
INFO: Run Behavior\WriteHtmlCacheBehavior [ RunTime:0.000000s ]
INFO: Run Common\Behavior\TmplStripSpaceBehavior [ RunTime:0.001000s ]
INFO: [ view_filter ] --END-- [ RunTime:0.001000s ]
INFO: [ app_end ] --START--
INFO: Run Behavior\ShowPageTraceBehavior [ RunTime:0.000000s ]
INFO: [ app_end ] --END-- [ RunTime:0.000000s ]

[ 2016-09-20T10:44:55+08:00 ] 127.0.0.1 /index.php?g=&m=Brand&a=industry
INFO: [ app_begin ] --START--
INFO: Run Behavior\ReadHtmlCacheBehavior [ RunTime:0.000000s ]
INFO: Run Behavior\CheckLangBehavior [ RunTime:0.001001s ]
INFO: [ app_begin ] --END-- [ RunTime:0.001001s ]
SQL: SHOW COLUMNS FROM `zs_industry` [ RunTime:0.0110s ]
SQL: SELECT `id`,`industry_name`,`pid` FROM `zs_industry` WHERE ( pid=55 ) ORDER BY id  [ RunTime:0.0090s ]
INFO: [ app_end ] --START--
INFO: Run Behavior\ShowPageTraceBehavior [ RunTime:0.001000s ]
INFO: [ app_end ] --END-- [ RunTime:0.001000s ]

[ 2016-09-20T10:44:58+08:00 ] 127.0.0.1 /index.php?g=&m=Brand&a=indu
INFO: [ app_begin ] --START--
INFO: Run Behavior\ReadHtmlCacheBehavior [ RunTime:0.001000s ]
INFO: Run Behavior\CheckLangBehavior [ RunTime:0.001000s ]
INFO: [ app_begin ] --END-- [ RunTime:0.003000s ]
SQL: SHOW COLUMNS FROM `zs_industry` [ RunTime:0.0100s ]
SQL: SELECT `querytype` FROM `zs_industry` WHERE ( id=57 ) LIMIT 1   [ RunTime:0.0080s ]
SQL: SHOW COLUMNS FROM `zs_nice_first` [ RunTime:0.0090s ]
SQL: SELECT `id`,`name`,`code`,`pid` FROM `zs_nice_first` WHERE ( id in(113,114,116,115,115,120) )  [ RunTime:0.0080s ]
SQL: SELECT `id`,`name`,`code`,`pid` FROM `zs_nice_first` WHERE ( code in(0101) )  [ RunTime:0.0080s ]
SQL: SELECT `id`,`name`,`code`,`pid` FROM `zs_nice_first` WHERE ( code in(01) )  [ RunTime:0.0090s ]
INFO: [ view_parse ] --START--
INFO: [ template_filter ] --START--
INFO: Run Behavior\ContentReplaceBehavior [ RunTime:0.000000s ]
INFO: [ template_filter ] --END-- [ RunTime:0.000000s ]
INFO: Run Behavior\ParseTemplateBehavior [ RunTime:0.007000s ]
INFO: [ view_parse ] --END-- [ RunTime:0.008000s ]
INFO: [ view_filter ] --START--
INFO: Run Behavior\WriteHtmlCacheBehavior [ RunTime:0.000000s ]
INFO: Run Common\Behavior\TmplStripSpaceBehavior [ RunTime:0.000000s ]
INFO: [ view_filter ] --END-- [ RunTime:0.000000s ]
INFO: [ app_end ] --START--
INFO: Run Behavior\ShowPageTraceBehavior [ RunTime:0.001000s ]
INFO: [ app_end ] --END-- [ RunTime:0.001000s ]

[ 2016-09-20T10:46:36+08:00 ] 127.0.0.1 /index.php?g=&m=Brand&a=industry
INFO: [ app_begin ] --START--
INFO: Run Behavior\ReadHtmlCacheBehavior [ RunTime:0.001000s ]
INFO: Run Behavior\CheckLangBehavior [ RunTime:0.001000s ]
INFO: [ app_begin ] --END-- [ RunTime:0.002000s ]
SQL: SHOW COLUMNS FROM `zs_industry` [ RunTime:0.0100s ]
SQL: SELECT `id`,`industry_name`,`pid` FROM `zs_industry` WHERE ( pid=66 ) ORDER BY id  [ RunTime:0.0090s ]
INFO: [ app_end ] --START--
INFO: Run Behavior\ShowPageTraceBehavior [ RunTime:0.000000s ]
INFO: [ app_end ] --END-- [ RunTime:0.001000s ]

[ 2016-09-20T10:49:11+08:00 ] 127.0.0.1 /index.php?g=&m=Brand&a=industry
INFO: [ app_begin ] --START--
INFO: Run Behavior\ReadHtmlCacheBehavior [ RunTime:0.001000s ]
INFO: Run Behavior\CheckLangBehavior [ RunTime:0.000000s ]
INFO: [ app_begin ] --END-- [ RunTime:0.002000s ]
SQL: SHOW COLUMNS FROM `zs_industry` [ RunTime:0.0090s ]
SQL: SELECT `id`,`industry_name`,`pid` FROM `zs_industry` WHERE ( pid=40 ) ORDER BY id  [ RunTime:0.0090s ]
INFO: [ app_end ] --START--
INFO: Run Behavior\ShowPageTraceBehavior [ RunTime:0.000000s ]
INFO: [ app_end ] --END-- [ RunTime:0.000000s ]

[ 2016-09-20T10:50:06+08:00 ] 127.0.0.1 /index.php?g=&m=Brand&a=industry
INFO: [ app_begin ] --START--
INFO: Run Behavior\ReadHtmlCacheBehavior [ RunTime:0.001000s ]
INFO: Run Behavior\CheckLangBehavior [ RunTime:0.001000s ]
INFO: [ app_begin ] --END-- [ RunTime:0.004000s ]
SQL: SHOW COLUMNS FROM `zs_industry` [ RunTime:0.0100s ]
SQL: SELECT `id`,`industry_name`,`pid` FROM `zs_industry` WHERE ( pid=66 ) ORDER BY id  [ RunTime:0.0090s ]
INFO: [ app_end ] --START--
INFO: Run Behavior\ShowPageTraceBehavior [ RunTime:0.001000s ]
INFO: [ app_end ] --END-- [ RunTime:0.001000s ]

[ 2016-09-20T10:51:00+08:00 ] 127.0.0.1 /index.php?g=&m=Brand&a=industry
INFO: [ app_begin ] --START--
INFO: Run Behavior\ReadHtmlCacheBehavior [ RunTime:0.001000s ]
INFO: Run Behavior\CheckLangBehavior [ RunTime:0.001000s ]
INFO: [ app_begin ] --END-- [ RunTime:0.002000s ]
SQL: SHOW COLUMNS FROM `zs_industry` [ RunTime:0.0110s ]
SQL: SELECT `id`,`industry_name`,`pid` FROM `zs_industry` WHERE ( pid=40 ) ORDER BY id  [ RunTime:0.0080s ]
INFO: [ app_end ] --START--
INFO: Run Behavior\ShowPageTraceBehavior [ RunTime:0.001000s ]
INFO: [ app_end ] --END-- [ RunTime:0.001000s ]

[ 2016-09-20T10:52:12+08:00 ] 127.0.0.1 /index.php?g=&m=Brand&a=industry
INFO: [ app_begin ] --START--
INFO: Run Behavior\ReadHtmlCacheBehavior [ RunTime:0.001000s ]
INFO: Run Behavior\CheckLangBehavior [ RunTime:0.001001s ]
INFO: [ app_begin ] --END-- [ RunTime:0.002001s ]
SQL: SHOW COLUMNS FROM `zs_industry` [ RunTime:0.0100s ]
SQL: SELECT `id`,`industry_name`,`pid` FROM `zs_industry` WHERE ( pid=40 ) ORDER BY id  [ RunTime:0.0100s ]
INFO: [ app_end ] --START--
INFO: Run Behavior\ShowPageTraceBehavior [ RunTime:0.001000s ]
INFO: [ app_end ] --END-- [ RunTime:0.001000s ]

[ 2016-09-20T10:52:15+08:00 ] 127.0.0.1 /index.php?g=&m=Brand&a=indu
INFO: [ app_begin ] --START--
INFO: Run Behavior\ReadHtmlCacheBehavior [ RunTime:0.001000s ]
INFO: Run Behavior\CheckLangBehavior [ RunTime:0.000000s ]
INFO: [ app_begin ] --END-- [ RunTime:0.001000s ]
SQL: SHOW COLUMNS FROM `zs_industry` [ RunTime:0.0110s ]
SQL: SELECT `querytype` FROM `zs_industry` WHERE ( id=43 ) LIMIT 1   [ RunTime:0.0090s ]
SQL: SHOW COLUMNS FROM `zs_nice_first` [ RunTime:0.0110s ]
ERR: 1064:You have an error in your SQL syntax; check the manual that corresponds to your MySQL server version for the right syntax to use near ') )' at line 1
 [ SQL语句 ] : SELECT `id`,`name`,`code`,`pid` FROM `zs_nice_first` WHERE ( id in() ) 
ERR: 1064:You have an error in your SQL syntax; check the manual that corresponds to your MySQL server version for the right syntax to use near ') )' at line 1
 [ SQL语句 ] : SELECT `id`,`name`,`code`,`pid` FROM `zs_nice_first` WHERE ( id in() ) 

[ 2016-09-20T10:52:23+08:00 ] 127.0.0.1 /index.php?g=&m=Brand&a=indu
INFO: [ app_begin ] --START--
INFO: Run Behavior\ReadHtmlCacheBehavior [ RunTime:0.001000s ]
INFO: Run Behavior\CheckLangBehavior [ RunTime:0.001000s ]
INFO: [ app_begin ] --END-- [ RunTime:0.002000s ]
SQL: SHOW COLUMNS FROM `zs_industry` [ RunTime:0.0090s ]
SQL: SELECT `querytype` FROM `zs_industry` WHERE ( id=42 ) LIMIT 1   [ RunTime:0.0070s ]
SQL: SHOW COLUMNS FROM `zs_nice_first` [ RunTime:0.0090s ]
ERR: 1064:You have an error in your SQL syntax; check the manual that corresponds to your MySQL server version for the right syntax to use near ') )' at line 1
 [ SQL语句 ] : SELECT `id`,`name`,`code`,`pid` FROM `zs_nice_first` WHERE ( id in() ) 
ERR: 1064:You have an error in your SQL syntax; check the manual that corresponds to your MySQL server version for the right syntax to use near ') )' at line 1
 [ SQL语句 ] : SELECT `id`,`name`,`code`,`pid` FROM `zs_nice_first` WHERE ( id in() ) 

[ 2016-09-20T11:27:19+08:00 ] 127.0.0.1 /index.php?g=&m=Brand&a=industry
INFO: [ app_begin ] --START--
INFO: Run Behavior\ReadHtmlCacheBehavior [ RunTime:0.001000s ]
INFO: Run Behavior\CheckLangBehavior [ RunTime:0.001000s ]
INFO: [ app_begin ] --END-- [ RunTime:0.002000s ]
SQL: SHOW COLUMNS FROM `zs_industry` [ RunTime:0.0100s ]
SQL: SELECT `id`,`industry_name`,`pid` FROM `zs_industry` WHERE ( pid=40 ) ORDER BY id  [ RunTime:0.0090s ]
INFO: [ app_end ] --START--
INFO: Run Behavior\ShowPageTraceBehavior [ RunTime:0.001000s ]
INFO: [ app_end ] --END-- [ RunTime:0.001000s ]

[ 2016-09-20T11:27:21+08:00 ] 127.0.0.1 /index.php?g=&m=Brand&a=indu
INFO: [ app_begin ] --START--
INFO: Run Behavior\ReadHtmlCacheBehavior [ RunTime:0.000000s ]
INFO: Run Behavior\CheckLangBehavior [ RunTime:0.000000s ]
INFO: [ app_begin ] --END-- [ RunTime:0.001000s ]
SQL: SHOW COLUMNS FROM `zs_industry` [ RunTime:0.0120s ]
SQL: SELECT `querytype` FROM `zs_industry` WHERE ( id=42 ) LIMIT 1   [ RunTime:0.0090s ]
SQL: SHOW COLUMNS FROM `zs_nice_first` [ RunTime:0.0110s ]
ERR: 1064:You have an error in your SQL syntax; check the manual that corresponds to your MySQL server version for the right syntax to use near ') )' at line 1
 [ SQL语句 ] : SELECT `id`,`name`,`code`,`pid` FROM `zs_nice_first` WHERE ( id in() ) 
ERR: 1064:You have an error in your SQL syntax; check the manual that corresponds to your MySQL server version for the right syntax to use near ') )' at line 1
 [ SQL语句 ] : SELECT `id`,`name`,`code`,`pid` FROM `zs_nice_first` WHERE ( id in() ) 

[ 2016-09-20T11:29:13+08:00 ] 127.0.0.1 /index.php?g=&m=Brand&a=industry
INFO: [ app_begin ] --START--
INFO: Run Behavior\ReadHtmlCacheBehavior [ RunTime:0.001000s ]
INFO: Run Behavior\CheckLangBehavior [ RunTime:0.001000s ]
INFO: [ app_begin ] --END-- [ RunTime:0.002000s ]
SQL: SHOW COLUMNS FROM `zs_industry` [ RunTime:0.0090s ]
SQL: SELECT `id`,`industry_name`,`pid` FROM `zs_industry` WHERE ( pid=40 ) ORDER BY id  [ RunTime:0.0080s ]
INFO: [ app_end ] --START--
INFO: Run Behavior\ShowPageTraceBehavior [ RunTime:0.000000s ]
INFO: [ app_end ] --END-- [ RunTime:0.000000s ]

[ 2016-09-20T11:29:16+08:00 ] 127.0.0.1 /index.php?g=&m=Brand&a=indu
INFO: [ app_begin ] --START--
INFO: Run Behavior\ReadHtmlCacheBehavior [ RunTime:0.001001s ]
INFO: Run Behavior\CheckLangBehavior [ RunTime:0.001000s ]
INFO: [ app_begin ] --END-- [ RunTime:0.002001s ]
SQL: SHOW COLUMNS FROM `zs_industry` [ RunTime:0.0090s ]
SQL: SELECT `querytype` FROM `zs_industry` WHERE ( id=42 ) LIMIT 1   [ RunTime:0.0110s ]
SQL: SHOW COLUMNS FROM `zs_nice_first` [ RunTime:0.0100s ]
ERR: 1064:You have an error in your SQL syntax; check the manual that corresponds to your MySQL server version for the right syntax to use near ') )' at line 1
 [ SQL语句 ] : SELECT `id`,`name`,`code`,`pid` FROM `zs_nice_first` WHERE ( id in() ) 
ERR: 1064:You have an error in your SQL syntax; check the manual that corresponds to your MySQL server version for the right syntax to use near ') )' at line 1
 [ SQL语句 ] : SELECT `id`,`name`,`code`,`pid` FROM `zs_nice_first` WHERE ( id in() ) 

[ 2016-09-20T11:29:20+08:00 ] 127.0.0.1 /index.php?g=&m=Brand&a=indu
INFO: [ app_begin ] --START--
INFO: Run Behavior\ReadHtmlCacheBehavior [ RunTime:0.000000s ]
INFO: Run Behavior\CheckLangBehavior [ RunTime:0.001000s ]
INFO: [ app_begin ] --END-- [ RunTime:0.002001s ]
SQL: SHOW COLUMNS FROM `zs_industry` [ RunTime:0.0090s ]
SQL: SELECT `querytype` FROM `zs_industry` WHERE ( id=42 ) LIMIT 1   [ RunTime:0.0080s ]
SQL: SHOW COLUMNS FROM `zs_nice_first` [ RunTime:0.0090s ]
ERR: 1064:You have an error in your SQL syntax; check the manual that corresponds to your MySQL server version for the right syntax to use near ') )' at line 1
 [ SQL语句 ] : SELECT `id`,`name`,`code`,`pid` FROM `zs_nice_first` WHERE ( id in() ) 
ERR: 1064:You have an error in your SQL syntax; check the manual that corresponds to your MySQL server version for the right syntax to use near ') )' at line 1
 [ SQL语句 ] : SELECT `id`,`name`,`code`,`pid` FROM `zs_nice_first` WHERE ( id in() ) 

[ 2016-09-20T11:29:55+08:00 ] 127.0.0.1 /index.php?g=&m=Brand&a=industry
INFO: [ app_begin ] --START--
INFO: Run Behavior\ReadHtmlCacheBehavior [ RunTime:0.000000s ]
INFO: Run Behavior\CheckLangBehavior [ RunTime:0.001000s ]
INFO: [ app_begin ] --END-- [ RunTime:0.002000s ]
SQL: SHOW COLUMNS FROM `zs_industry` [ RunTime:0.0090s ]
SQL: SELECT `id`,`industry_name`,`pid` FROM `zs_industry` WHERE ( pid=40 ) ORDER BY id  [ RunTime:0.0080s ]
INFO: [ app_end ] --START--
INFO: Run Behavior\ShowPageTraceBehavior [ RunTime:0.001000s ]
INFO: [ app_end ] --END-- [ RunTime:0.001000s ]

[ 2016-09-20T11:29:57+08:00 ] 127.0.0.1 /index.php?g=&m=Brand&a=indu
INFO: [ app_begin ] --START--
INFO: Run Behavior\ReadHtmlCacheBehavior [ RunTime:0.000000s ]
INFO: Run Behavior\CheckLangBehavior [ RunTime:0.001000s ]
INFO: [ app_begin ] --END-- [ RunTime:0.002000s ]
SQL: SHOW COLUMNS FROM `zs_industry` [ RunTime:0.0100s ]
SQL: SELECT `querytype` FROM `zs_industry` WHERE ( id=42 ) LIMIT 1   [ RunTime:0.0080s ]
SQL: SHOW COLUMNS FROM `zs_nice_first` [ RunTime:0.0100s ]
ERR: 1064:You have an error in your SQL syntax; check the manual that corresponds to your MySQL server version for the right syntax to use near ') )' at line 1
 [ SQL语句 ] : SELECT `id`,`name`,`code`,`pid` FROM `zs_nice_first` WHERE ( id in() ) 
ERR: 1064:You have an error in your SQL syntax; check the manual that corresponds to your MySQL server version for the right syntax to use near ') )' at line 1
 [ SQL语句 ] : SELECT `id`,`name`,`code`,`pid` FROM `zs_nice_first` WHERE ( id in() ) 

[ 2016-09-20T11:30:03+08:00 ] 127.0.0.1 /index.php?g=&m=Brand&a=indu
INFO: [ app_begin ] --START--
INFO: Run Behavior\ReadHtmlCacheBehavior [ RunTime:0.000000s ]
INFO: Run Behavior\CheckLangBehavior [ RunTime:0.001000s ]
INFO: [ app_begin ] --END-- [ RunTime:0.002000s ]
SQL: SHOW COLUMNS FROM `zs_industry` [ RunTime:0.0090s ]
SQL: SELECT `querytype` FROM `zs_industry` WHERE ( id=42 ) LIMIT 1   [ RunTime:0.0070s ]
SQL: SHOW COLUMNS FROM `zs_nice_first` [ RunTime:0.0100s ]
ERR: 1064:You have an error in your SQL syntax; check the manual that corresponds to your MySQL server version for the right syntax to use near ') )' at line 1
 [ SQL语句 ] : SELECT `id`,`name`,`code`,`pid` FROM `zs_nice_first` WHERE ( id in() ) 
ERR: 1064:You have an error in your SQL syntax; check the manual that corresponds to your MySQL server version for the right syntax to use near ') )' at line 1
 [ SQL语句 ] : SELECT `id`,`name`,`code`,`pid` FROM `zs_nice_first` WHERE ( id in() ) 

[ 2016-09-20T11:30:40+08:00 ] 127.0.0.1 /index.php?g=&m=Brand&a=industry
INFO: [ app_begin ] --START--
INFO: Run Behavior\ReadHtmlCacheBehavior [ RunTime:0.001000s ]
INFO: Run Behavior\CheckLangBehavior [ RunTime:0.001000s ]
INFO: [ app_begin ] --END-- [ RunTime:0.002000s ]
SQL: SHOW COLUMNS FROM `zs_industry` [ RunTime:0.0110s ]
SQL: SELECT `id`,`industry_name`,`pid` FROM `zs_industry` WHERE ( pid=40 ) ORDER BY id  [ RunTime:0.0090s ]
INFO: [ app_end ] --START--
INFO: Run Behavior\ShowPageTraceBehavior [ RunTime:0.001000s ]
INFO: [ app_end ] --END-- [ RunTime:0.001000s ]

[ 2016-09-20T11:35:18+08:00 ] 127.0.0.1 /index.php?g=&m=Brand&a=industry
INFO: [ app_begin ] --START--
INFO: Run Behavior\ReadHtmlCacheBehavior [ RunTime:0.001000s ]
INFO: Run Behavior\CheckLangBehavior [ RunTime:0.002000s ]
INFO: [ app_begin ] --END-- [ RunTime:0.003000s ]
SQL: SHOW COLUMNS FROM `zs_industry` [ RunTime:0.0090s ]
SQL: SELECT `id`,`industry_name`,`pid` FROM `zs_industry` WHERE ( pid=70 ) ORDER BY id  [ RunTime:0.0080s ]
INFO: [ app_end ] --START--
INFO: Run Behavior\ShowPageTraceBehavior [ RunTime:0.001000s ]
INFO: [ app_end ] --END-- [ RunTime:0.001000s ]

[ 2016-09-20T11:35:22+08:00 ] 127.0.0.1 /index.php?g=&m=Brand&a=indu
INFO: [ app_begin ] --START--
INFO: Run Behavior\ReadHtmlCacheBehavior [ RunTime:0.001000s ]
INFO: Run Behavior\CheckLangBehavior [ RunTime:0.001000s ]
INFO: [ app_begin ] --END-- [ RunTime:0.002000s ]
SQL: SHOW COLUMNS FROM `zs_industry` [ RunTime:0.0100s ]
SQL: SELECT `querytype` FROM `zs_industry` WHERE ( id=71 ) LIMIT 1   [ RunTime:0.0080s ]
SQL: SHOW COLUMNS FROM `zs_nice_first` [ RunTime:0.0100s ]
ERR: 1064:You have an error in your SQL syntax; check the manual that corresponds to your MySQL server version for the right syntax to use near ') )' at line 1
 [ SQL语句 ] : SELECT `id`,`name`,`code`,`pid` FROM `zs_nice_first` WHERE ( id in() ) 
ERR: 1064:You have an error in your SQL syntax; check the manual that corresponds to your MySQL server version for the right syntax to use near ') )' at line 1
 [ SQL语句 ] : SELECT `id`,`name`,`code`,`pid` FROM `zs_nice_first` WHERE ( id in() ) 

[ 2016-09-20T11:39:30+08:00 ] 127.0.0.1 /index.php?g=&m=Brand&a=industry
INFO: [ app_begin ] --START--
INFO: Run Behavior\ReadHtmlCacheBehavior [ RunTime:0.001000s ]
INFO: Run Behavior\CheckLangBehavior [ RunTime:0.001000s ]
INFO: [ app_begin ] --END-- [ RunTime:0.002000s ]
SQL: SHOW COLUMNS FROM `zs_industry` [ RunTime:0.0100s ]
SQL: SELECT `id`,`industry_name`,`pid` FROM `zs_industry` WHERE ( pid=40 ) ORDER BY id  [ RunTime:0.0090s ]
INFO: [ app_end ] --START--
INFO: Run Behavior\ShowPageTraceBehavior [ RunTime:0.001000s ]
INFO: [ app_end ] --END-- [ RunTime:0.001000s ]

[ 2016-09-20T11:39:36+08:00 ] 127.0.0.1 /index.php?g=&m=Brand&a=indu
INFO: [ app_begin ] --START--
INFO: Run Behavior\ReadHtmlCacheBehavior [ RunTime:0.000000s ]
INFO: Run Behavior\CheckLangBehavior [ RunTime:0.001000s ]
INFO: [ app_begin ] --END-- [ RunTime:0.003000s ]
SQL: SHOW COLUMNS FROM `zs_industry` [ RunTime:0.0150s ]
SQL: SELECT `querytype` FROM `zs_industry` WHERE ( id=42 ) LIMIT 1   [ RunTime:0.0090s ]
SQL: SHOW COLUMNS FROM `zs_nice_first` [ RunTime:0.0120s ]
ERR: 1064:You have an error in your SQL syntax; check the manual that corresponds to your MySQL server version for the right syntax to use near ') )' at line 1
 [ SQL语句 ] : SELECT `id`,`name`,`code`,`pid` FROM `zs_nice_first` WHERE ( id in() ) 
ERR: 1064:You have an error in your SQL syntax; check the manual that corresponds to your MySQL server version for the right syntax to use near ') )' at line 1
 [ SQL语句 ] : SELECT `id`,`name`,`code`,`pid` FROM `zs_nice_first` WHERE ( id in() ) 

[ 2016-09-20T11:40:09+08:00 ] 127.0.0.1 /index.php?g=&m=Brand&a=industry
INFO: [ app_begin ] --START--
INFO: Run Behavior\ReadHtmlCacheBehavior [ RunTime:0.000000s ]
INFO: Run Behavior\CheckLangBehavior [ RunTime:0.000000s ]
INFO: [ app_begin ] --END-- [ RunTime:0.001000s ]
SQL: SHOW COLUMNS FROM `zs_industry` [ RunTime:0.0100s ]
SQL: SELECT `id`,`industry_name`,`pid` FROM `zs_industry` WHERE ( pid=66 ) ORDER BY id  [ RunTime:0.0090s ]
INFO: [ app_end ] --START--
INFO: Run Behavior\ShowPageTraceBehavior [ RunTime:0.000000s ]
INFO: [ app_end ] --END-- [ RunTime:0.000000s ]

[ 2016-09-20T11:40:13+08:00 ] 127.0.0.1 /index.php?g=&m=Brand&a=indu
INFO: [ app_begin ] --START--
INFO: Run Behavior\ReadHtmlCacheBehavior [ RunTime:0.000000s ]
INFO: Run Behavior\CheckLangBehavior [ RunTime:0.000000s ]
INFO: [ app_begin ] --END-- [ RunTime:0.002000s ]
SQL: SHOW COLUMNS FROM `zs_industry` [ RunTime:0.0100s ]
SQL: SELECT `querytype` FROM `zs_industry` WHERE ( id=68 ) LIMIT 1   [ RunTime:0.0080s ]
SQL: SHOW COLUMNS FROM `zs_nice_first` [ RunTime:0.0110s ]
SQL: SELECT `id`,`name`,`code`,`pid` FROM `zs_nice_first` WHERE ( id in(176,177,178,179) )  [ RunTime:0.0090s ]
SQL: SELECT `id`,`name`,`code`,`pid` FROM `zs_nice_first` WHERE ( code in(0102) )  [ RunTime:0.0090s ]
SQL: SELECT `id`,`name`,`code`,`pid` FROM `zs_nice_first` WHERE ( code in(01) )  [ RunTime:0.0090s ]
INFO: [ view_parse ] --START--
INFO: [ template_filter ] --START--
INFO: Run Behavior\ContentReplaceBehavior [ RunTime:0.000000s ]
INFO: [ template_filter ] --END-- [ RunTime:0.000000s ]
INFO: Run Behavior\ParseTemplateBehavior [ RunTime:0.013001s ]
INFO: [ view_parse ] --END-- [ RunTime:0.013001s ]
INFO: [ view_filter ] --START--
INFO: Run Behavior\WriteHtmlCacheBehavior [ RunTime:0.001000s ]
INFO: Run Common\Behavior\TmplStripSpaceBehavior [ RunTime:0.000000s ]
INFO: [ view_filter ] --END-- [ RunTime:0.001000s ]
INFO: [ app_end ] --START--
INFO: Run Behavior\ShowPageTraceBehavior [ RunTime:0.001000s ]
INFO: [ app_end ] --END-- [ RunTime:0.001000s ]

[ 2016-09-20T11:40:22+08:00 ] 127.0.0.1 /index.php?g=&m=Brand&a=industry
INFO: [ app_begin ] --START--
INFO: Run Behavior\ReadHtmlCacheBehavior [ RunTime:0.001000s ]
INFO: Run Behavior\CheckLangBehavior [ RunTime:0.000000s ]
INFO: [ app_begin ] --END-- [ RunTime:0.001000s ]
SQL: SHOW COLUMNS FROM `zs_industry` [ RunTime:0.0090s ]
SQL: SELECT `id`,`industry_name`,`pid` FROM `zs_industry` WHERE ( pid=55 ) ORDER BY id  [ RunTime:0.0080s ]
INFO: [ app_end ] --START--
INFO: Run Behavior\ShowPageTraceBehavior [ RunTime:0.001000s ]
INFO: [ app_end ] --END-- [ RunTime:0.001000s ]

[ 2016-09-20T11:40:26+08:00 ] 127.0.0.1 /index.php?g=&m=Brand&a=indu
INFO: [ app_begin ] --START--
INFO: Run Behavior\ReadHtmlCacheBehavior [ RunTime:0.001000s ]
INFO: Run Behavior\CheckLangBehavior [ RunTime:0.001000s ]
INFO: [ app_begin ] --END-- [ RunTime:0.002000s ]
SQL: SHOW COLUMNS FROM `zs_industry` [ RunTime:0.0090s ]
SQL: SELECT `querytype` FROM `zs_industry` WHERE ( id=56 ) LIMIT 1   [ RunTime:0.0070s ]
SQL: SHOW COLUMNS FROM `zs_nice_first` [ RunTime:0.0100s ]
SQL: SELECT `id`,`name`,`code`,`pid` FROM `zs_nice_first` WHERE ( id in(104,105,106,107,107) )  [ RunTime:0.0080s ]
SQL: SELECT `id`,`name`,`code`,`pid` FROM `zs_nice_first` WHERE ( code in(0101) )  [ RunTime:0.0090s ]
SQL: SELECT `id`,`name`,`code`,`pid` FROM `zs_nice_first` WHERE ( code in(01) )  [ RunTime:0.0080s ]
INFO: [ view_parse ] --START--
INFO: [ template_filter ] --START--
INFO: Run Behavior\ContentReplaceBehavior [ RunTime:0.000000s ]
INFO: [ template_filter ] --END-- [ RunTime:0.000000s ]
INFO: Run Behavior\ParseTemplateBehavior [ RunTime:0.007001s ]
INFO: [ view_parse ] --END-- [ RunTime:0.008001s ]
INFO: [ view_filter ] --START--
INFO: Run Behavior\WriteHtmlCacheBehavior [ RunTime:0.000000s ]
INFO: Run Common\Behavior\TmplStripSpaceBehavior [ RunTime:0.000000s ]
INFO: [ view_filter ] --END-- [ RunTime:0.001000s ]
INFO: [ app_end ] --START--
INFO: Run Behavior\ShowPageTraceBehavior [ RunTime:0.000000s ]
INFO: [ app_end ] --END-- [ RunTime:0.000000s ]

[ 2016-09-20T11:41:33+08:00 ] 127.0.0.1 /index.php?g=&m=Brand&a=industry
INFO: [ app_begin ] --START--
INFO: Run Behavior\ReadHtmlCacheBehavior [ RunTime:0.001001s ]
INFO: Run Behavior\CheckLangBehavior [ RunTime:0.001000s ]
INFO: [ app_begin ] --END-- [ RunTime:0.002001s ]
SQL: SHOW COLUMNS FROM `zs_industry` [ RunTime:0.0090s ]
SQL: SELECT `id`,`industry_name`,`pid` FROM `zs_industry` WHERE ( pid=66 ) ORDER BY id  [ RunTime:0.0090s ]
INFO: [ app_end ] --START--
INFO: Run Behavior\ShowPageTraceBehavior [ RunTime:0.001000s ]
INFO: [ app_end ] --END-- [ RunTime:0.001000s ]

[ 2016-09-20T11:41:35+08:00 ] 127.0.0.1 /index.php?g=&m=Brand&a=indu
INFO: [ app_begin ] --START--
INFO: Run Behavior\ReadHtmlCacheBehavior [ RunTime:0.000000s ]
INFO: Run Behavior\CheckLangBehavior [ RunTime:0.001000s ]
INFO: [ app_begin ] --END-- [ RunTime:0.002000s ]
SQL: SHOW COLUMNS FROM `zs_industry` [ RunTime:0.0090s ]
SQL: SELECT `querytype` FROM `zs_industry` WHERE ( id=68 ) LIMIT 1   [ RunTime:0.0070s ]
SQL: SHOW COLUMNS FROM `zs_nice_first` [ RunTime:0.0090s ]
SQL: SELECT `id`,`name`,`code`,`pid` FROM `zs_nice_first` WHERE ( id in(176,177,178,179) )  [ RunTime:0.0080s ]
SQL: SELECT `id`,`name`,`code`,`pid` FROM `zs_nice_first` WHERE ( code in(0102) )  [ RunTime:0.0080s ]
SQL: SELECT `id`,`name`,`code`,`pid` FROM `zs_nice_first` WHERE ( code in(01) )  [ RunTime:0.0080s ]
INFO: [ view_parse ] --START--
INFO: [ template_filter ] --START--
INFO: Run Behavior\ContentReplaceBehavior [ RunTime:0.000000s ]
INFO: [ template_filter ] --END-- [ RunTime:0.000000s ]
INFO: Run Behavior\ParseTemplateBehavior [ RunTime:0.008001s ]
INFO: [ view_parse ] --END-- [ RunTime:0.008001s ]
INFO: [ view_filter ] --START--
INFO: Run Behavior\WriteHtmlCacheBehavior [ RunTime:0.000000s ]
INFO: Run Common\Behavior\TmplStripSpaceBehavior [ RunTime:0.001000s ]
INFO: [ view_filter ] --END-- [ RunTime:0.001000s ]
INFO: [ app_end ] --START--
INFO: Run Behavior\ShowPageTraceBehavior [ RunTime:0.001000s ]
INFO: [ app_end ] --END-- [ RunTime:0.001000s ]

